<!DOCTYPE html PUBLIC "-//W3C//DTD XHTML 1.1//EN" "http://www.w3.org/TR/xhtml11/DTD/xhtml11.dtd">
<html xmlns="http://www.w3.org/1999/xhtml">
<head>
<title>TestNG:  Unit Test</title>
<style type="text/css">
table caption,table.info_table,table.result,table.passed,table.failed {margin-bottom:10px;border:1px solid #000099;border-collapse:collapse;empty-cells:show;}
table.info_table td,table.info_table th,table.result td,table.result th,table.passed td,table.passed th,table.failed td,table.failed th {
border:1px solid #000099;padding:.25em .5em .25em .5em
}
table.result th {vertical-align:bottom}
tr.param th {padding-left:1em;padding-right:1em}
tr.param td {padding-left:.5em;padding-right:2em}
td.numi,th.numi,td.numi_attn {
text-align:right
}
tr.total td {font-weight:bold}
table caption {
text-align:center;font-weight:bold;
}
table.passed tr.stripe td,table tr.passedodd td {background-color: #00AA00;}
table.passed td,table tr.passedeven td {background-color: #33FF33;}
table.passed tr.stripe td,table tr.skippedodd td {background-color: #cccccc;}
table.passed td,table tr.skippedodd td {background-color: #dddddd;}
table.failed tr.stripe td,table tr.failedodd td,table.result td.numi_attn {background-color: #FF3333;}
table.failed td,table tr.failedeven td,table.result tr.stripe td.numi_attn {background-color: #DD0000;}
tr.stripe td,tr.stripe th {background-color: #E6EBF9;}
p.totop {font-size:85%;text-align:center;border-bottom:2px black solid}
div.shootout {padding:2em;border:3px #4854A8 solid}
</style>
</head>
<body>
<table cellspacing="0" cellpadding="0" class="result">
<tr><th>Test</th><th class="numi">Methods<br/>Passed</th><th class="numi">Scenarios<br/>Passed</th><th class="numi"># skipped</th><th class="numi"># failed</th><th class="numi">Total<br/>Time</th><th class="numi">Included<br/>Groups</th><th class="numi">Excluded<br/>Groups</th></tr>
<tr><td style="text-align:left;padding-right:2em">Test</td><td class="numi">6</td><td class="numi">3</td><td class="numi">0</td><td class="numi_attn">6</td><td class="numi">169.9 seconds</td><td class="numi"></td><td class="numi"></td></tr>
</table>
<table cellspacing="0" cellpadding="0" class="passed" id="summary">
<tr><th>Class</th><th>Method</th><th># of<br/>Scenarios</th><th>Start</th><th>Time<br/>(ms)</th></tr>
<tr><th colspan="4">Test &#8212; failed</th></tr>
<tr class="failedodd"><td rowspan="6">upskill.runners.RunnerClass</td><td><a href="#m1"><b>feature</b> (cucumber) ("Runs Cucumber Feature")</a></td><td class="numi">3</td><td>1654357769033</td><td class="numi">153125</td></tr><tr class="failedodd"><td><a href="#m2"><b>feature</b> (cucumber) ("Runs Cucumber Feature")</a></td><td class="numi">3</td><td>1654357769033</td><td class="numi">153125</td></tr><tr class="failedodd"><td><a href="#m3"><b>feature</b> (cucumber) ("Runs Cucumber Feature")</a></td><td class="numi">3</td><td>1654357769033</td><td class="numi">153125</td></tr><tr class="failedodd"><td><a href="#m4"><b>feature</b> (cucumber) ("Runs Cucumber Feature")</a></td><td class="numi">3</td><td>1654357769033</td><td class="numi">153125</td></tr><tr class="failedodd"><td><a href="#m5"><b>feature</b> (cucumber) ("Runs Cucumber Feature")</a></td><td class="numi">3</td><td>1654357769033</td><td class="numi">153125</td></tr><tr class="failedodd"><td><a href="#m6"><b>feature</b> (cucumber) ("Runs Cucumber Feature")</a></td><td class="numi">3</td><td>1654357769033</td><td class="numi">153125</td></tr>
<tr><th colspan="4">Test &#8212; passed</th></tr>
<tr class="passedodd"><td rowspan="6">upskill.runners.RunnerClass</td><td><a href="#m7"><b>feature</b> (cucumber) ("Runs Cucumber Feature")</a></td><td class="numi">3</td><td>1654357859070</td><td class="numi">79373</td></tr><tr class="passedodd"><td><a href="#m8"><b>feature</b> (cucumber) ("Runs Cucumber Feature")</a></td><td class="numi">3</td><td>1654357859070</td><td class="numi">79373</td></tr><tr class="passedodd"><td><a href="#m9"><b>feature</b> (cucumber) ("Runs Cucumber Feature")</a></td><td class="numi">3</td><td>1654357859070</td><td class="numi">79373</td></tr><tr class="passedodd"><td><a href="#m10"><b>feature</b> (cucumber) ("Runs Cucumber Feature")</a></td><td class="numi">3</td><td>1654357859070</td><td class="numi">79373</td></tr><tr class="passedodd"><td><a href="#m11"><b>feature</b> (cucumber) ("Runs Cucumber Feature")</a></td><td class="numi">3</td><td>1654357859070</td><td class="numi">79373</td></tr><tr class="passedodd"><td><a href="#m12"><b>feature</b> (cucumber) ("Runs Cucumber Feature")</a></td><td class="numi">3</td><td>1654357859070</td><td class="numi">79373</td></tr>
</table>
<h1>Test</h1>
<h2 id="m1">upskill.runners.RunnerClass:feature</h2>
<table cellspacing="0" cellpadding="0" class="result">
<tr class="param"><th>Parameter #1</th></tr>
<tr class="param stripe"><td>Ebay Summary Mousehover</td>
</tr>
<tr><td style="padding-left:3em" colspan="1">
<p>org.openqa.selenium.NoSuchElementException: no such element: Unable to locate element: {&quot;method&quot;:&quot;xpath&quot;,&quot;selector&quot;:&quot;//a[contains(text(),&apos;Summary1&apos;)]&quot;}
  (Session info: chrome=102.0.5005.63)
For documentation on this error, please visit: http://seleniumhq.org/exceptions/no_such_element.html
Build info: version: &apos;3.12.0&apos;, revision: &apos;7c6e0b3&apos;, time: &apos;2018-05-08T14:04:26.12Z&apos;
System info: host: &apos;RASEL&apos;, ip: &apos;192.168.1.6&apos;, os.name: &apos;Windows 10&apos;, os.arch: &apos;x86&apos;, os.version: &apos;10.0&apos;, java.version: &apos;1.8.0_202&apos;
Driver info: org.openqa.selenium.chrome.ChromeDriver
Capabilities {acceptInsecureCerts: false, browserName: chrome, browserVersion: 102.0.5005.63, chrome: {chromedriverVersion: 102.0.5005.61 (0e59bcc00cc4..., userDataDir: C:\Users\rasel\AppData\Loca...}, goog:chromeOptions: {debuggerAddress: localhost:61274}, javascriptEnabled: true, networkConnectionEnabled: false, pageLoadStrategy: normal, platform: WINDOWS, platformName: WINDOWS, proxy: Proxy(), setWindowRect: true, strictFileInteractability: false, timeouts: {implicit: 0, pageLoad: 300000, script: 30000}, unhandledPromptBehavior: dismiss and notify, webauthn:extension:credBlob: true, webauthn:extension:largeBlob: true, webauthn:virtualAuthenticators: true}
Session ID: 86428c60b2c14489e85c51ce01776539
*** Element info: {Using=xpath, value=//a[contains(text(),&apos;Summary1&apos;)]}</p>
cucumber.api.testng.TestNGCucumberRunner.runCucumber(TestNGCucumberRunner.java:69)
<br/>at cucumber.api.testng.AbstractTestNGCucumberTests.feature(AbstractTestNGCucumberTests.java:21)
<br/>at sun.reflect.NativeMethodAccessorImpl.invoke0(Native Method)
<br/>at sun.reflect.NativeMethodAccessorImpl.invoke(Unknown Source)
<br/>at sun.reflect.DelegatingMethodAccessorImpl.invoke(Unknown Source)
<br/>at java.lang.reflect.Method.invoke(Unknown Source)
<br/>at org.testng.internal.MethodInvocationHelper.invokeMethod(MethodInvocationHelper.java:80)
<br/>at org.testng.internal.Invoker.invokeMethod(Invoker.java:714)
<br/>at org.testng.internal.Invoker.invokeTestMethod(Invoker.java:901)
<br/>at org.testng.internal.Invoker.invokeTestMethods(Invoker.java:1231)
<br/>at org.testng.internal.TestMethodWorker.invokeTestMethods(TestMethodWorker.java:127)
<br/>at org.testng.internal.TestMethodWorker.run(TestMethodWorker.java:111)
<br/>at org.testng.TestRunner.privateRun(TestRunner.java:767)
<br/>at org.testng.TestRunner.run(TestRunner.java:617)
<br/>at org.testng.SuiteRunner.runTest(SuiteRunner.java:334)
<br/>at org.testng.SuiteRunner.runSequentially(SuiteRunner.java:329)
<br/>at org.testng.SuiteRunner.privateRun(SuiteRunner.java:291)
<br/>at org.testng.SuiteRunner.run(SuiteRunner.java:240)
<br/>at org.testng.SuiteRunnerWorker.runSuite(SuiteRunnerWorker.java:52)
<br/>at org.testng.SuiteRunnerWorker.run(SuiteRunnerWorker.java:86)
<br/>at org.testng.TestNG.runSuitesSequentially(TestNG.java:1198)
<br/>at org.testng.TestNG.runSuitesLocally(TestNG.java:1123)
<br/>at org.testng.TestNG.run(TestNG.java:1031)
<br/>at org.apache.maven.surefire.testng.TestNGExecutor.run(TestNGExecutor.java:283)
<br/>at org.apache.maven.surefire.testng.TestNGXmlTestSuite.execute(TestNGXmlTestSuite.java:75)
<br/>at org.apache.maven.surefire.testng.TestNGProvider.invoke(TestNGProvider.java:120)
<br/>at org.apache.maven.surefire.booter.ForkedBooter.invokeProviderInSameClassLoader(ForkedBooter.java:379)
<br/>at org.apache.maven.surefire.booter.ForkedBooter.runSuitesInProcess(ForkedBooter.java:340)
<br/>at org.apache.maven.surefire.booter.ForkedBooter.execute(ForkedBooter.java:125)
<br/>at org.apache.maven.surefire.booter.ForkedBooter.main(ForkedBooter.java:413)
<br/>1 lines not shown
<p>Caused by no such element: Unable to locate element: {&quot;method&quot;:&quot;xpath&quot;,&quot;selector&quot;:&quot;//a[contains(text(),&apos;Summary1&apos;)]&quot;}
  (Session info: chrome=102.0.5005.63)
For documentation on this error, please visit: http://seleniumhq.org/exceptions/no_such_element.html
Build info: version: &apos;3.12.0&apos;, revision: &apos;7c6e0b3&apos;, time: &apos;2018-05-08T14:04:26.12Z&apos;
System info: host: &apos;RASEL&apos;, ip: &apos;192.168.1.6&apos;, os.name: &apos;Windows 10&apos;, os.arch: &apos;x86&apos;, os.version: &apos;10.0&apos;, java.version: &apos;1.8.0_202&apos;
Driver info: org.openqa.selenium.chrome.ChromeDriver
Capabilities {acceptInsecureCerts: false, browserName: chrome, browserVersion: 102.0.5005.63, chrome: {chromedriverVersion: 102.0.5005.61 (0e59bcc00cc4..., userDataDir: C:\Users\rasel\AppData\Loca...}, goog:chromeOptions: {debuggerAddress: localhost:61274}, javascriptEnabled: true, networkConnectionEnabled: false, pageLoadStrategy: normal, platform: WINDOWS, platformName: WINDOWS, proxy: Proxy(), setWindowRect: true, strictFileInteractability: false, timeouts: {implicit: 0, pageLoad: 300000, script: 30000}, unhandledPromptBehavior: dismiss and notify, webauthn:extension:credBlob: true, webauthn:extension:largeBlob: true, webauthn:virtualAuthenticators: true}
Session ID: 86428c60b2c14489e85c51ce01776539
*** Element info: {Using=xpath, value=//a[contains(text(),&apos;Summary1&apos;)]}</p>
sun.reflect.NativeConstructorAccessorImpl.newInstance0(Native Method)
<br/>at sun.reflect.NativeConstructorAccessorImpl.newInstance(Unknown Source)
<br/>at sun.reflect.DelegatingConstructorAccessorImpl.newInstance(Unknown Source)
<br/>at java.lang.reflect.Constructor.newInstance(Unknown Source)
<br/>at org.openqa.selenium.remote.http.W3CHttpResponseCodec.createException(W3CHttpResponseCodec.java:187)
<br/>at org.openqa.selenium.remote.http.W3CHttpResponseCodec.decode(W3CHttpResponseCodec.java:122)
<br/>at org.openqa.selenium.remote.http.W3CHttpResponseCodec.decode(W3CHttpResponseCodec.java:49)
<br/>at org.openqa.selenium.remote.HttpCommandExecutor.execute(HttpCommandExecutor.java:158)
<br/>at org.openqa.selenium.remote.service.DriverCommandExecutor.execute(DriverCommandExecutor.java:83)
<br/>at org.openqa.selenium.remote.RemoteWebDriver.execute(RemoteWebDriver.java:543)
<br/>at org.openqa.selenium.remote.RemoteWebDriver.findElement(RemoteWebDriver.java:317)
<br/>at org.openqa.selenium.remote.RemoteWebDriver.findElementByXPath(RemoteWebDriver.java:419)
<br/>at org.openqa.selenium.By$ByXPath.findElement(By.java:353)
<br/>at org.openqa.selenium.remote.RemoteWebDriver.findElement(RemoteWebDriver.java:309)
<br/>at org.openqa.selenium.support.pagefactory.DefaultElementLocator.findElement(DefaultElementLocator.java:69)
<br/>at org.openqa.selenium.support.pagefactory.internal.LocatingElementHandler.invoke(LocatingElementHandler.java:38)
<br/>at com.sun.proxy.$Proxy18.isEnabled(Unknown Source)
<br/>at upskill.ebay.pageAction.EbayHomepageActions.clickSummary(EbayHomepageActions.java:86)
<br/>at upskill.ebay.stepDef.EbayHomepageSteps.click_on_Summary(EbayHomepageSteps.java:39)
<br/>at ?.Then Click on Summary(EbaySummaryMouseHover.feature:7)
<br/>1 lines not shown
</td></tr>
</table>
<p class="totop"><a href="#summary">back to summary</a></p>
<h2 id="m2">upskill.runners.RunnerClass:feature</h2>
<table cellspacing="0" cellpadding="0" class="result">
<tr class="param"><th>Parameter #1</th></tr>
<tr class="param stripe"><td>Ebay Search Functionality</td>
</tr>
<tr><td style="padding-left:3em" colspan="1">
<p>java.lang.AssertionError: expected [false] but found [true]</p>
cucumber.api.testng.TestNGCucumberRunner.runCucumber(TestNGCucumberRunner.java:69)
<br/>at cucumber.api.testng.AbstractTestNGCucumberTests.feature(AbstractTestNGCucumberTests.java:21)
<br/>at sun.reflect.NativeMethodAccessorImpl.invoke0(Native Method)
<br/>at sun.reflect.NativeMethodAccessorImpl.invoke(Unknown Source)
<br/>at sun.reflect.DelegatingMethodAccessorImpl.invoke(Unknown Source)
<br/>at java.lang.reflect.Method.invoke(Unknown Source)
<br/>at org.testng.internal.MethodInvocationHelper.invokeMethod(MethodInvocationHelper.java:80)
<br/>at org.testng.internal.Invoker.invokeMethod(Invoker.java:714)
<br/>at org.testng.internal.Invoker.invokeTestMethod(Invoker.java:901)
<br/>at org.testng.internal.Invoker.invokeTestMethods(Invoker.java:1231)
<br/>at org.testng.internal.TestMethodWorker.invokeTestMethods(TestMethodWorker.java:127)
<br/>at org.testng.internal.TestMethodWorker.run(TestMethodWorker.java:111)
<br/>at org.testng.TestRunner.privateRun(TestRunner.java:767)
<br/>at org.testng.TestRunner.run(TestRunner.java:617)
<br/>at org.testng.SuiteRunner.runTest(SuiteRunner.java:334)
<br/>at org.testng.SuiteRunner.runSequentially(SuiteRunner.java:329)
<br/>at org.testng.SuiteRunner.privateRun(SuiteRunner.java:291)
<br/>at org.testng.SuiteRunner.run(SuiteRunner.java:240)
<br/>at org.testng.SuiteRunnerWorker.runSuite(SuiteRunnerWorker.java:52)
<br/>at org.testng.SuiteRunnerWorker.run(SuiteRunnerWorker.java:86)
<br/>at org.testng.TestNG.runSuitesSequentially(TestNG.java:1198)
<br/>at org.testng.TestNG.runSuitesLocally(TestNG.java:1123)
<br/>at org.testng.TestNG.run(TestNG.java:1031)
<br/>at org.apache.maven.surefire.testng.TestNGExecutor.run(TestNGExecutor.java:283)
<br/>at org.apache.maven.surefire.testng.TestNGXmlTestSuite.execute(TestNGXmlTestSuite.java:75)
<br/>at org.apache.maven.surefire.testng.TestNGProvider.invoke(TestNGProvider.java:120)
<br/>at org.apache.maven.surefire.booter.ForkedBooter.invokeProviderInSameClassLoader(ForkedBooter.java:379)
<br/>at org.apache.maven.surefire.booter.ForkedBooter.runSuitesInProcess(ForkedBooter.java:340)
<br/>at org.apache.maven.surefire.booter.ForkedBooter.execute(ForkedBooter.java:125)
<br/>at org.apache.maven.surefire.booter.ForkedBooter.main(ForkedBooter.java:413)
<br/>1 lines not shown
<p>Caused by expected [false] but found [true]</p>
org.testng.Assert.fail(Assert.java:94)
<br/>at org.testng.Assert.failNotEquals(Assert.java:494)
<br/>at org.testng.Assert.assertFalse(Assert.java:63)
<br/>at org.testng.Assert.assertFalse(Assert.java:73)
<br/>at upskill.ebay.pageAction.EbaySearchResultActions.verifyShoesItems(EbaySearchResultActions.java:40)
<br/>at upskill.ebay.stepDef.EbaySearchResultSteps.item_list_should_have_only_shoes_related_products(EbaySearchResultSteps.java:13)
<br/>at ?.Then Item list should have only shoes related products(EbaySearchShoes.feature:7)
<br/>1 lines not shown
</td></tr>
</table>
<p class="totop"><a href="#summary">back to summary</a></p>
<h2 id="m3">upskill.runners.RunnerClass:feature</h2>
<table cellspacing="0" cellpadding="0" class="result">
<tr class="param"><th>Parameter #1</th></tr>
<tr class="param stripe"><td>Ebay Brand Outline</td>
</tr>
<tr><td style="padding-left:3em" colspan="1">
<p>org.openqa.selenium.StaleElementReferenceException: stale element reference: element is not attached to the page document
  (Session info: chrome=102.0.5005.63)
For documentation on this error, please visit: http://seleniumhq.org/exceptions/stale_element_reference.html
Build info: version: &apos;3.12.0&apos;, revision: &apos;7c6e0b3&apos;, time: &apos;2018-05-08T14:04:26.12Z&apos;
System info: host: &apos;RASEL&apos;, ip: &apos;192.168.1.6&apos;, os.name: &apos;Windows 10&apos;, os.arch: &apos;x86&apos;, os.version: &apos;10.0&apos;, java.version: &apos;1.8.0_202&apos;
Driver info: org.openqa.selenium.chrome.ChromeDriver
Capabilities {acceptInsecureCerts: false, browserName: chrome, browserVersion: 102.0.5005.63, chrome: {chromedriverVersion: 102.0.5005.61 (0e59bcc00cc4..., userDataDir: C:\Users\rasel\AppData\Loca...}, goog:chromeOptions: {debuggerAddress: localhost:60207}, javascriptEnabled: true, networkConnectionEnabled: false, pageLoadStrategy: normal, platform: WINDOWS, platformName: WINDOWS, proxy: Proxy(), setWindowRect: true, strictFileInteractability: false, timeouts: {implicit: 0, pageLoad: 300000, script: 30000}, unhandledPromptBehavior: dismiss and notify, webauthn:extension:credBlob: true, webauthn:extension:largeBlob: true, webauthn:virtualAuthenticators: true}
Session ID: e4996006e8651cce787c44cc913d73d0</p>
cucumber.api.testng.TestNGCucumberRunner.runCucumber(TestNGCucumberRunner.java:69)
<br/>at cucumber.api.testng.AbstractTestNGCucumberTests.feature(AbstractTestNGCucumberTests.java:21)
<br/>at sun.reflect.NativeMethodAccessorImpl.invoke0(Native Method)
<br/>at sun.reflect.NativeMethodAccessorImpl.invoke(Unknown Source)
<br/>at sun.reflect.DelegatingMethodAccessorImpl.invoke(Unknown Source)
<br/>at java.lang.reflect.Method.invoke(Unknown Source)
<br/>at org.testng.internal.MethodInvocationHelper.invokeMethod(MethodInvocationHelper.java:80)
<br/>at org.testng.internal.Invoker.invokeMethod(Invoker.java:714)
<br/>at org.testng.internal.Invoker.invokeTestMethod(Invoker.java:901)
<br/>at org.testng.internal.Invoker.invokeTestMethods(Invoker.java:1231)
<br/>at org.testng.internal.TestMethodWorker.invokeTestMethods(TestMethodWorker.java:127)
<br/>at org.testng.internal.TestMethodWorker.run(TestMethodWorker.java:111)
<br/>at org.testng.TestRunner.privateRun(TestRunner.java:767)
<br/>at org.testng.TestRunner.run(TestRunner.java:617)
<br/>at org.testng.SuiteRunner.runTest(SuiteRunner.java:334)
<br/>at org.testng.SuiteRunner.runSequentially(SuiteRunner.java:329)
<br/>at org.testng.SuiteRunner.privateRun(SuiteRunner.java:291)
<br/>at org.testng.SuiteRunner.run(SuiteRunner.java:240)
<br/>at org.testng.SuiteRunnerWorker.runSuite(SuiteRunnerWorker.java:52)
<br/>at org.testng.SuiteRunnerWorker.run(SuiteRunnerWorker.java:86)
<br/>at org.testng.TestNG.runSuitesSequentially(TestNG.java:1198)
<br/>at org.testng.TestNG.runSuitesLocally(TestNG.java:1123)
<br/>at org.testng.TestNG.run(TestNG.java:1031)
<br/>at org.apache.maven.surefire.testng.TestNGExecutor.run(TestNGExecutor.java:283)
<br/>at org.apache.maven.surefire.testng.TestNGXmlTestSuite.execute(TestNGXmlTestSuite.java:75)
<br/>at org.apache.maven.surefire.testng.TestNGProvider.invoke(TestNGProvider.java:120)
<br/>at org.apache.maven.surefire.booter.ForkedBooter.invokeProviderInSameClassLoader(ForkedBooter.java:379)
<br/>at org.apache.maven.surefire.booter.ForkedBooter.runSuitesInProcess(ForkedBooter.java:340)
<br/>at org.apache.maven.surefire.booter.ForkedBooter.execute(ForkedBooter.java:125)
<br/>at org.apache.maven.surefire.booter.ForkedBooter.main(ForkedBooter.java:413)
<br/>1 lines not shown
<p>Caused by stale element reference: element is not attached to the page document
  (Session info: chrome=102.0.5005.63)
For documentation on this error, please visit: http://seleniumhq.org/exceptions/stale_element_reference.html
Build info: version: &apos;3.12.0&apos;, revision: &apos;7c6e0b3&apos;, time: &apos;2018-05-08T14:04:26.12Z&apos;
System info: host: &apos;RASEL&apos;, ip: &apos;192.168.1.6&apos;, os.name: &apos;Windows 10&apos;, os.arch: &apos;x86&apos;, os.version: &apos;10.0&apos;, java.version: &apos;1.8.0_202&apos;
Driver info: org.openqa.selenium.chrome.ChromeDriver
Capabilities {acceptInsecureCerts: false, browserName: chrome, browserVersion: 102.0.5005.63, chrome: {chromedriverVersion: 102.0.5005.61 (0e59bcc00cc4..., userDataDir: C:\Users\rasel\AppData\Loca...}, goog:chromeOptions: {debuggerAddress: localhost:60207}, javascriptEnabled: true, networkConnectionEnabled: false, pageLoadStrategy: normal, platform: WINDOWS, platformName: WINDOWS, proxy: Proxy(), setWindowRect: true, strictFileInteractability: false, timeouts: {implicit: 0, pageLoad: 300000, script: 30000}, unhandledPromptBehavior: dismiss and notify, webauthn:extension:credBlob: true, webauthn:extension:largeBlob: true, webauthn:virtualAuthenticators: true}
Session ID: e4996006e8651cce787c44cc913d73d0</p>
sun.reflect.NativeConstructorAccessorImpl.newInstance0(Native Method)
<br/>at sun.reflect.NativeConstructorAccessorImpl.newInstance(Unknown Source)
<br/>at sun.reflect.DelegatingConstructorAccessorImpl.newInstance(Unknown Source)
<br/>at java.lang.reflect.Constructor.newInstance(Unknown Source)
<br/>at org.openqa.selenium.remote.http.W3CHttpResponseCodec.createException(W3CHttpResponseCodec.java:187)
<br/>at org.openqa.selenium.remote.http.W3CHttpResponseCodec.decode(W3CHttpResponseCodec.java:122)
<br/>at org.openqa.selenium.remote.http.W3CHttpResponseCodec.decode(W3CHttpResponseCodec.java:49)
<br/>at org.openqa.selenium.remote.HttpCommandExecutor.execute(HttpCommandExecutor.java:158)
<br/>at org.openqa.selenium.remote.service.DriverCommandExecutor.execute(DriverCommandExecutor.java:83)
<br/>at org.openqa.selenium.remote.RemoteWebDriver.execute(RemoteWebDriver.java:543)
<br/>at org.openqa.selenium.remote.RemoteWebElement.execute(RemoteWebElement.java:276)
<br/>at org.openqa.selenium.remote.RemoteWebElement.click(RemoteWebElement.java:83)
<br/>at sun.reflect.NativeMethodAccessorImpl.invoke0(Native Method)
<br/>at sun.reflect.NativeMethodAccessorImpl.invoke(Unknown Source)
<br/>at sun.reflect.DelegatingMethodAccessorImpl.invoke(Unknown Source)
<br/>at java.lang.reflect.Method.invoke(Unknown Source)
<br/>at org.openqa.selenium.support.pagefactory.internal.LocatingElementHandler.invoke(LocatingElementHandler.java:51)
<br/>at com.sun.proxy.$Proxy18.click(Unknown Source)
<br/>at upskill.ebay.pageAction.EbaySearchResultActions.filterBrand(EbaySearchResultActions.java:48)
<br/>at upskill.ebay.stepDef.EbaySearchResultSteps.filter_by(EbaySearchResultSteps.java:18)
<br/>at ?.And Filter by &quot;Nike&quot;(EbayBrandOutline.feature:7)
<br/>1 lines not shown
</td></tr>
</table>
<p class="totop"><a href="#summary">back to summary</a></p>
<h2 id="m4">upskill.runners.RunnerClass:feature</h2>
<table cellspacing="0" cellpadding="0" class="result">
<tr class="param"><th>Parameter #1</th></tr>
<tr class="param stripe"><td>Rahul Shetty iframe practice</td>
</tr>
</table>
<p class="totop"><a href="#summary">back to summary</a></p>
<h2 id="m5">upskill.runners.RunnerClass:feature</h2>
<table cellspacing="0" cellpadding="0" class="result">
<tr class="param"><th>Parameter #1</th></tr>
<tr class="param stripe"><td>Ebay Search Functionality</td>
</tr>
</table>
<p class="totop"><a href="#summary">back to summary</a></p>
<h2 id="m6">upskill.runners.RunnerClass:feature</h2>
<table cellspacing="0" cellpadding="0" class="result">
<tr class="param"><th>Parameter #1</th></tr>
<tr class="param stripe"><td>Ebay Cart Functionality</td>
</tr>
</table>
<p class="totop"><a href="#summary">back to summary</a></p>
</body></html>
